<?xml version="1.0" encoding="UTF-8"?>
<!-- Generated by org.testng.reporters.JUnitXMLReporter -->
<testsuite ignored="0" hostname="LAPTOP-G9HHL1F8" failures="0" tests="4" name="Test" time="0.086" errors="0" timestamp="2020-08-25T01:39:57 IST">
  <testcase classname="Execution.Paralleltest" name="g" time="0.028"/>
  <testcase classname="Execution.Paralleltest" name="h" time="0.028"/>
  <testcase classname="Execution.Parallel" name="i" time="0.009"/>
  <testcase classname="Execution.Parallel" name="j" time="0.008"/>
</testsuite> <!-- Test -->
